Vivado Simulator 2020.2
Copyright 1986-1999, 2001-2020 Xilinx, Inc. All Rights Reserved.
Running: /opt/Xilinx/Vivado/2020.2/bin/unwrapped/lnx64.o/xelab -wto d66ffcdff3f44aaf86cddfed03272ad6 --incr --debug typical --relax --mt 8 -L xil_defaultlib -L unisims_ver -L unimacro_ver -L secureip --snapshot simulare_behav xil_defaultlib.simulare xil_defaultlib.glbl -log elaborate.log 
Using 8 slave threads.
Starting static elaboration
Pass Through NonSizing Optimizer
Completed static elaboration
Starting simulation data flow analysis
Completed simulation data flow analysis
Time Resolution for simulation is 1ps
Compiling module xil_defaultlib.mux
Compiling module xil_defaultlib.aand
Compiling module xil_defaultlib.xoor
Compiling module xil_defaultlib.oor
Compiling module xil_defaultlib.andorxor
Compiling module xil_defaultlib.sumator
Compiling module xil_defaultlib.comparator
Compiling module xil_defaultlib.mux4
Compiling module xil_defaultlib.top
Compiling module xil_defaultlib.simulare
Compiling module xil_defaultlib.glbl
Built simulation snapshot simulare_behav
